v2ex-android/app/build/outputs/logs/manifest-merger-debug-report.txt
-- Merging decision tree log ---
manifest
ADDED from src\main\AndroidManifest.xml:2:1-199:12
	package
		ADDED from src\main\AndroidManifest.xml:3:5-34
		INJECTED from src\main\AndroidManifest.xml
		INJECTED from src\main\AndroidManifest.xml
	android:versionName
		INJECTED from src\main\AndroidManifest.xml
		INJECTED from src\main\AndroidManifest.xml
	xmlns:android
		ADDED from src\main\AndroidManifest.xml:2:11-69
	android:versionCode
		INJECTED from src\main\AndroidManifest.xml
		INJECTED from src\main\AndroidManifest.xml
uses-permission#android.permission.WRITE_EXTERNAL_STORAGE
ADDED from src\main\AndroidManifest.xml:5:5-81
	android:name
		ADDED from src\main\AndroidManifest.xml:5:22-78
uses-permission#android.permission.ACCESS_NETWORK_STATE
ADDED from src\main\AndroidManifest.xml:6:5-79
	android:name
		ADDED from src\main\AndroidManifest.xml:6:22-76
uses-permission#android.permission.ACCESS_WIFI_STATE
ADDED from src\main\AndroidManifest.xml:7:5-76
	android:name
		ADDED from src\main\AndroidManifest.xml:7:22-73
uses-permission#android.permission.INTERNET
ADDED from src\main\AndroidManifest.xml:8:5-67
	android:name
		ADDED from src\main\AndroidManifest.xml:8:22-64
uses-permission#android.permission.READ_PHONE_STATE
ADDED from src\main\AndroidManifest.xml:9:5-75
	android:name
		ADDED from src\main\AndroidManifest.xml:9:22-72
application
ADDED from src\main\AndroidManifest.xml:11:5-197:19
MERGED from [com.android.support:support-v13:21.0.3] AndroidManifest.xml:16:5-19
MERGED from [com.android.support:appcompat-v7:21.0.0] AndroidManifest.xml:16:5-19
MERGED from [com.android.support:cardview-v7:21.0.3] AndroidManifest.xml:16:5-19
MERGED from [com.melnykov:floatingactionbutton:1.3.0] AndroidManifest.xml:12:5-20
MERGED from [de.hdodenhof:circleimageview:1.3.0] AndroidManifest.xml:9:5-20
MERGED from [com.android.support:recyclerview-v7:21.0.3] AndroidManifest.xml:17:5-19:19
MERGED from [v2ex-android:pagerslidingtabstrip:unspecified] AndroidManifest.xml:9:5-20
MERGED from [com.android.support:support-v4:21.0.3] AndroidManifest.xml:16:5-19
	android:label
		ADDED from src\main\AndroidManifest.xml:15:9-41
	android:allowBackup
		ADDED from src\main\AndroidManifest.xml:13:9-35
	android:icon
		ADDED from src\main\AndroidManifest.xml:14:9-45
	android:theme
		ADDED from src\main\AndroidManifest.xml:16:9-47
	android:name
		ADDED from src\main\AndroidManifest.xml:12:9-36
meta-data#UMENG_APPKEY
ADDED from src\main\AndroidManifest.xml:17:9-19:56
	android:value
		ADDED from src\main\AndroidManifest.xml:19:13-53
	android:name
		ADDED from src\main\AndroidManifest.xml:18:13-40
meta-data#UMENG_CHANNEL
ADDED from src\main\AndroidManifest.xml:20:9-22:36
	android:value
		ADDED from src\main\AndroidManifest.xml:22:13-33
	android:name
		ADDED from src\main\AndroidManifest.xml:21:13-41
activity#com.yaoyumeng.v2ex2.ui.MainActivity
ADDED from src\main\AndroidManifest.xml:24:9-33:20
	android:screenOrientation
		ADDED from src\main\AndroidManifest.xml:26:13-49
	android:theme
		ADDED from src\main\AndroidManifest.xml:27:13-44
	android:name
		ADDED from src\main\AndroidManifest.xml:25:13-44
intent-filter#android.intent.action.MAIN+android.intent.category.LAUNCHER
ADDED from src\main\AndroidManifest.xml:28:13-32:29
action#android.intent.action.MAIN
ADDED from src\main\AndroidManifest.xml:29:17-69
	android:name
		ADDED from src\main\AndroidManifest.xml:29:25-66
category#android.intent.category.LAUNCHER
ADDED from src\main\AndroidManifest.xml:31:17-77
	android:name
		ADDED from src\main\AndroidManifest.xml:31:27-74
activity#com.yaoyumeng.v2ex2.ui.LoginActivity
ADDED from src\main\AndroidManifest.xml:34:9-38:20
	android:screenOrientation
		ADDED from src\main\AndroidManifest.xml:36:13-49
	android:label
		ADDED from src\main\AndroidManifest.xml:37:13-57
	android:name
		ADDED from src\main\AndroidManifest.xml:35:13-45
activity#com.yaoyumeng.v2ex2.ui.NodeActivity
ADDED from src\main\AndroidManifest.xml:39:9-64:20
	android:name
		ADDED from src\main\AndroidManifest.xml:40:13-44
intent-filter#android.intent.action.VIEW+android.intent.category.BROWSABLE+android.intent.category.DEFAULT
ADDED from src\main\AndroidManifest.xml:41:13-63:29
action#android.intent.action.VIEW
ADDED from src\main\AndroidManifest.xml:42:17-69
	android:name
		ADDED from src\main\AndroidManifest.xml:42:25-66
category#android.intent.category.DEFAULT
ADDED from src\main\AndroidManifest.xml:44:17-76
	android:name
		ADDED from src\main\AndroidManifest.xml:44:27-73
category#android.intent.category.BROWSABLE
ADDED from src\main\AndroidManifest.xml:45:17-78
	android:name
		ADDED from src\main\AndroidManifest.xml:45:27-75
data
ADDED from src\main\AndroidManifest.xml:47:17-50:45
	android:host
		ADDED from src\main\AndroidManifest.xml:48:21-48
	android:scheme
		ADDED from src\main\AndroidManifest.xml:50:21-42
	android:pathPattern
		ADDED from src\main\AndroidManifest.xml:49:21-49
activity#com.yaoyumeng.v2ex2.ui.MyInfoActivity
ADDED from src\main\AndroidManifest.xml:66:9-68:20
	android:name
		ADDED from src\main\AndroidManifest.xml:67:13-46
activity#com.yaoyumeng.v2ex2.ui.TopicActivity
ADDED from src\main\AndroidManifest.xml:70:9-97:20
	android:label
		ADDED from src\main\AndroidManifest.xml:72:13-57
	android:windowSoftInputMode
		ADDED from src\main\AndroidManifest.xml:73:13-67
	android:name
		ADDED from src\main\AndroidManifest.xml:71:13-45
activity#com.yaoyumeng.v2ex2.ui.UserActivity
ADDED from src\main\AndroidManifest.xml:98:9-123:20
	android:name
		ADDED from src\main\AndroidManifest.xml:99:13-44
activity#com.yaoyumeng.v2ex2.ui.TopicAddActivity
ADDED from src\main\AndroidManifest.xml:124:9-129:20
	android:screenOrientation
		ADDED from src\main\AndroidManifest.xml:127:13-49
	android:label
		ADDED from src\main\AndroidManifest.xml:126:13-61
	android:windowSoftInputMode
		ADDED from src\main\AndroidManifest.xml:128:13-74
	android:name
		ADDED from src\main\AndroidManifest.xml:125:13-48
activity#com.yaoyumeng.v2ex2.ui.TopicCommentActivity
ADDED from src\main\AndroidManifest.xml:130:9-135:20
	android:screenOrientation
		ADDED from src\main\AndroidManifest.xml:133:13-49
	android:label
		ADDED from src\main\AndroidManifest.xml:132:13-65
	android:windowSoftInputMode
		ADDED from src\main\AndroidManifest.xml:134:13-74
	android:name
		ADDED from src\main\AndroidManifest.xml:131:13-52
activity#com.yaoyumeng.v2ex2.ui.SettingsActivity
ADDED from src\main\AndroidManifest.xml:136:9-139:20
	android:label
		ADDED from src\main\AndroidManifest.xml:138:13-60
	android:name
		ADDED from src\main\AndroidManifest.xml:137:13-48
activity#com.yaoyumeng.v2ex2.ui.AboutActivity
ADDED from src\main\AndroidManifest.xml:140:9-143:20
	android:label
		ADDED from src\main\AndroidManifest.xml:142:13-51
	android:name
		ADDED from src\main\AndroidManifest.xml:141:13-45
activity#com.yaoyumeng.v2ex2.ui.PhotoViewActivity
ADDED from src\main\AndroidManifest.xml:144:9-147:20
	android:launchMode
		ADDED from src\main\AndroidManifest.xml:146:13-44
	android:name
		ADDED from src\main\AndroidManifest.xml:145:13-49
service#com.umeng.update.net.DownloadingService
ADDED from src\main\AndroidManifest.xml:149:9-152:19
	android:process
		ADDED from src\main\AndroidManifest.xml:151:13-50
	android:name
		ADDED from src\main\AndroidManifest.xml:150:13-67
activity#com.umeng.update.UpdateDialogActivity
ADDED from src\main\AndroidManifest.xml:153:9-156:20
	android:theme
		ADDED from src\main\AndroidManifest.xml:155:13-72
	android:name
		ADDED from src\main\AndroidManifest.xml:154:13-65
activity#com.umeng.socialize.view.ShareActivity
ADDED from src\main\AndroidManifest.xml:157:9-164:20
	android:launchMode
		ADDED from src\main\AndroidManifest.xml:160:13-44
	android:noHistory
		ADDED from src\main\AndroidManifest.xml:161:13-37
	android:windowSoftInputMode
		ADDED from src\main\AndroidManifest.xml:163:13-68
	android:configChanges
		ADDED from src\main\AndroidManifest.xml:159:13-57
	android:theme
		ADDED from src\main\AndroidManifest.xml:162:13-50
	android:name
		ADDED from src\main\AndroidManifest.xml:158:13-66
activity#com.tencent.tauth.AuthActivity
ADDED from src\main\AndroidManifest.xml:166:9-178:20
	android:launchMode
		ADDED from src\main\AndroidManifest.xml:168:13-44
	android:noHistory
		ADDED from src\main\AndroidManifest.xml:169:13-37
	android:name
		ADDED from src\main\AndroidManifest.xml:167:13-58
activity#com.tencent.connect.common.AssistActivity
ADDED from src\main\AndroidManifest.xml:179:9-182:20
	android:screenOrientation
		ADDED from src\main\AndroidManifest.xml:181:13-49
	android:theme
		ADDED from src\main\AndroidManifest.xml:180:13-72
	android:name
		ADDED from src\main\AndroidManifest.xml:179:19-75
activity#com.yaoyumeng.v2ex2.wxapi.WXEntryActivity
ADDED from src\main\AndroidManifest.xml:183:9-189:20
	android:screenOrientation
		ADDED from src\main\AndroidManifest.xml:188:13-49
	android:exported
		ADDED from src\main\AndroidManifest.xml:187:13-36
	android:configChanges
		ADDED from src\main\AndroidManifest.xml:186:13-74
	android:theme
		ADDED from src\main\AndroidManifest.xml:185:13-72
	android:name
		ADDED from src\main\AndroidManifest.xml:184:13-50
receiver#com.yaoyumeng.v2ex2.broadcast.AlarmReceiver
ADDED from src\main\AndroidManifest.xml:191:9-61
	android:name
		ADDED from src\main\AndroidManifest.xml:191:19-58
service#com.yaoyumeng.v2ex2.service.NoticeService
ADDED from src\main\AndroidManifest.xml:193:9-196:19
	android:process
		ADDED from src\main\AndroidManifest.xml:195:13-38
	android:name
		ADDED from src\main\AndroidManifest.xml:194:13-50
uses-sdk
INJECTED from src\main\AndroidManifest.xml reason: use-sdk injection requested
MERGED from [com.android.support:support-v13:21.0.3] AndroidManifest.xml:15:5-43
MERGED from [com.android.support:appcompat-v7:21.0.0] AndroidManifest.xml:15:5-42
MERGED from [com.android.support:cardview-v7:21.0.3] AndroidManifest.xml:15:5-42
MERGED from [com.melnykov:floatingactionbutton:1.3.0] AndroidManifest.xml:8:5-10:41
MERGED from [de.hdodenhof:circleimageview:1.3.0] AndroidManifest.xml:5:5-7:41
MERGED from [v2ex-android:jazzylistview:unspecified] AndroidManifest.xml:7:5-9:41
MERGED from [com.android.support:recyclerview-v7:21.0.3] AndroidManifest.xml:15:5-42
MERGED from [v2ex-android:pagerslidingtabstrip:unspecified] AndroidManifest.xml:5:5-7:41
MERGED from [com.android.support:support-v4:21.0.3] AndroidManifest.xml:15:5-42
	android:targetSdkVersion
		INJECTED from src\main\AndroidManifest.xml
		INJECTED from src\main\AndroidManifest.xml
	android:minSdkVersion
		INJECTED from src\main\AndroidManifest.xml
		INJECTED from src\main\AndroidManifest.xml
activity#android.support.v7.widget.TestActivity
ADDED from [com.android.support:recyclerview-v7:21.0.3] AndroidManifest.xml:18:9-115
	android:label
		ADDED from [com.android.support:recyclerview-v7:21.0.3] AndroidManifest.xml:18:19-59
	android:name
		ADDED from [com.android.support:recyclerview-v7:21.0.3] AndroidManifest.xml:18:60-113